1679723204998	geckodriver	INFO	Listening on 127.0.0.1:64849
1679723208111	mozrunner::runner	INFO	Running command: "C:\\Program Files\\Mozilla Firefox\\firefox.exe" "--marionette" "--remote-debugging-port" "64850" "--remote-allow-hosts" "localhost" "-no-remote" "-profile" "C:\\Users\\91887\\AppData\\Local\\Temp\\rust_mozprofileSuxLWP"
console.warn: services.settings: Ignoring preference override of remote settings server
console.warn: services.settings: Allow by setting MOZ_REMOTE_SETTINGS_DEVTOOLS=1 in the environment
1679723208681	Marionette	INFO	Marionette enabled
Dynamically enable window occlusion 0
1679723208687	Marionette	INFO	Listening on port 64858
Read port: 64858
WebDriver BiDi listening on ws://127.0.0.1:64850
1679723208846	RemoteAgent	WARN	TLS certificate errors will be ignored for this session
console.warn: SearchSettings: "get: No settings file exists, new profile?" (new NotFoundError("Could not open the file at C:\\Users\\91887\\AppData\\Local\\Temp\\rust_mozprofileSuxLWP\\search.json.mozlz4", (void 0)))
DevTools listening on ws://127.0.0.1:64850/devtools/browser/febcbdd6-0bf3-4737-b9b1-856bfaaadc49
JavaScript error: , line 0: NS_ERROR_NOT_AVAILABLE
1679723959146	Marionette	INFO	Stopped listening on port 64858
Dynamically enable window occlusion 1
1679729782233	geckodriver	INFO	Listening on 127.0.0.1:51009
1679729785304	mozrunner::runner	INFO	Running command: "C:\\Program Files\\Mozilla Firefox\\firefox.exe" "--marionette" "--remote-debugging-port" "51010" "--remote-allow-hosts" "localhost" "-no-remote" "-profile" "C:\\Users\\91887\\AppData\\Local\\Temp\\rust_mozprofilec21DQU"
console.warn: services.settings: Ignoring preference override of remote settings server
console.warn: services.settings: Allow by setting MOZ_REMOTE_SETTINGS_DEVTOOLS=1 in the environment
1679729785624	Marionette	INFO	Marionette enabled
Dynamically enable window occlusion 0
1679729785630	Marionette	INFO	Listening on port 51019
Read port: 51019
WebDriver BiDi listening on ws://127.0.0.1:51010
1679729785727	RemoteAgent	WARN	TLS certificate errors will be ignored for this session
console.warn: SearchSettings: "get: No settings file exists, new profile?" (new NotFoundError("Could not open the file at C:\\Users\\91887\\AppData\\Local\\Temp\\rust_mozprofilec21DQU\\search.json.mozlz4", (void 0)))
DevTools listening on ws://127.0.0.1:51010/devtools/browser/38465ee3-faab-4f42-98ba-4ae9dd8bacf5
console.warn: LoginRecipes: "Falling back to a synchronous message for: https://opensource-demo.orangehrmlive.com."
console.warn: LoginRecipes: "Falling back to a synchronous message for: https://opensource-demo.orangehrmlive.com."
1679729936395	Marionette	INFO	Stopped listening on port 51019
Dynamically enable window occlusion 1
ng command: "C:\\Program Files\\Mozilla Firefox\\firefox.exe" "--marionette" "--remote-debugging-port" "51148" "--remote-allow-hosts" "localhost" "-no-remote" "-profile" "C:\\Users\\91887\\AppData\\Local\\Temp\\rust_mozprofileAhTIPF"
console.warn: services.settings: Ignoring preference override of remote settings server
console.warn: services.settings: Allow by setting MOZ_REMOTE_SETTINGS_DEVTOOLS=1 in the environment
1679729906406	Marionette	INFO	Marionette enabled
Dynamically enable window occlusion 0
1679729906409	Marionette	INFO	Listening on port 51156
WebDriver BiDi listening on ws://127.0.0.1:51148
Read port: 51156
1679729906620	RemoteAgent	WARN	TLS certificate errors will be ignored for this session
console.warn: SearchSettings: "get: No settings file exists, new profile?" (new NotFoundError("Could not open the file at C:\\Users\\91887\\AppData\\Local\\Temp\\rust_mozprofileAhTIPF\\search.json.mozlz4", (void 0)))
DevTools listening on ws://127.0.0.1:51148/devtools/browser/fa53c2f9-0c41-45bd-9810-c7e6afdb5300
console.warn: LoginRecipes: "Falling back to a synchronous message for: https://opensource-demo.orangehrmlive.com."
console.warn: LoginRecipes: "Falling back to a synchronous message for: https://opensource-demo.orangehrmlive.com."
1679730104638	Marionette	INFO	Stopped listening on port 51151679730104669	mozrunner::runner	INFO	Running command: "C:\\Program Files\\Mozilla Firefox\\firefox.exe" "--marionette" "--remote-debugging-port" "51310" "--remote-allow-hosts" "localhost" "-no-remote" "-profile" "C:\\Users\\91887\\AppData\\Local\\Temp\\rust_mozprofileatrLG8"
console.warn: services.settings: Ignoring preference override of remote settings server
console.warn: services.settings: Allow by setting MOZ_REMOTE_SETTINGS_DEVTOOLS=1 in the environment
1679730105059	Marionette	INFO	Marionette enabled
Dynamically enable window occlusion 0
1679730105073	Marionette	INFO	Listening on port 51319
Read port: 51319
WebDriver BiDi listening on ws://127.0.0.1:51310
1679730105281	RemoteAgent	WARN	TLS certificate errors will be ignored for this session
console.warn: SearchSettings: "get: No settings file exists, new profile?" (new NotFoundError("Could not open the file at C:\\Users\\91887\\AppData\\Local\\Temp\\rust_mozprofileatrLG8\\search.json.mozlz4", (void 0)))
DevTools listening on ws://127.0.0.1:51310/devtools/browser/5868051c-a7d5-420d-b766-8904ffc147e8
console.warn: LoginRecipes: "Falling back to a synchronous message for: https://opensource-demo.orangehrmlive.com."
console.warn: LoginRecipes: "Falling back to a synchronous message for: https://opensource-demo.orangehrmlive.com."
1679730252215	Marionette	INFO	Stopped listening on port 51319
Dynamically enable window occlusion 1
1679730434910	geckodriver	INFO	Listening on 127.0.0.1:51574
1679730437923	mozrunner::runner	INFO	Running command: "C:\\Program Files\\Mozilla Firefox\\firefox.exe" "--marionette" "--remote-debugging-port" "51575" "--remote-allow-hosts" "localhost" "-no-remote" "-profile" "C:\\Users\\91887\\AppData\\Local\\Temp\\rust_mozprofileakPuzJ"
console.warn: services.settings: Ignoring preference override of remote settings server
console.warn: services.settings: Allow by setting MOZ_REMOTE_SETTINGS_DEVTOOLS=1 in the environment
1679730438166	Marionette	INFO	Marionette enabled
Dynamically enable window occlusion 0
1679730438170	Marionette	INFO	Listening on port 51583
WebDriver BiDi listening on ws://127.0.0.1:51575
Read port: 51583
1679730438380	RemoteAgent	WARN	TLS certificate errors will be ignored for this session
console.warn: SearchSettings: "get: No settings file exists, new profile?" (new NotFoundError("Could not open the file at C:\\Users\\91887\\AppData\\Local\\Temp\\rust_mozprofileakPuzJ\\search.json.mozlz4", (void 0)))
DevTools listening on ws://127.0.0.1:51575/devtools/browser/f06e4f1d-6195-4bae-82d7-36d49804a0dc
console.warn: LoginRecipes: "Falling back to a synchronous message for: https://opensource-demo.orangehrmlive.com."
console.warn: LoginRecipes: "Falling back to a synchronous message for: https://opensource-demo.orangehrmlive.com."
1679730549547	Marionette	INFO	Stopped listening on port 51583
Dynamically enable window occlusion 1
1679733072621	geckodriver	INFO	Listening on 127.0.0.1:53668
1679733075692	mozrunner::runner	INFO	Running command: "C:\\Program Files\\Mozilla Firefox\\firefox.exe" "--marionette" "--remote-debugging-port" "53669" "--remote-allow-hosts" "localhost" "-no-remote" "-profile" "C:\\Users\\91887\\AppData\\Local\\Temp\\rust_mozprofileTu72fu"
console.warn: services.settings: Ignoring preference override of remote settings server
console.warn: services.settings: Allow by setting MOZ_REMOTE_SETTINGS_DEVTOOLS=1 in the environment
1679733076209	Marionette	INFO	Marionette enabled
Dynamically enable window occlusion 0
1679733076213	Marionette	INFO	Listening on port 53677
Read port: 53677
WebDriver BiDi listening on ws://127.0.0.1:53669
1679733076340	RemoteAgent	WARN	TLS certificate errors will be ignored for this session
console.warn: SearchSettings: "get: No settings file exists, new profile?" (new NotFoundError("Could not open the file at C:\\Users\\91887\\AppData\\Local\\Temp\\rust_mozprofileTu72fu\\search.json.mozlz4", (void 0)))
DevTools listening on ws://127.0.0.1:53669/devtools/browser/3c62bf88-7549-4fdc-8019-03633ee253f3
console.warn: LoginRecipes: "Falling back to a synchronous message for: https://opensource-demo.orangehrmlive.com."
console.warn: LoginRecipes: "Falling back to a synchronous message for: https://opensource-demo.orangehrmlive.com."
1679733290601	Marionette	INFO	Stopped listening on port 53677
Dynamically enable window occlusion 1
[Parent 9900, IPC I/O Parent] WARNING: DuplicateHandle failed for handle 0 in TransferHandles: file /builds/worker/checkouts/gecko/ipc/chromium/src/chrome/common/ipc_channel_win.cc:777
1679733453997	geckodriver	INFO	Listening on 127.0.0.1:53925
1679733457079	mozrunner::runner	INFO	Running command: "C:\\Program Files\\Mozilla Firefox\\firefox.exe" "--marionette" "--remote-debugging-port" "53926" "--remote-allow-hosts" "localhost" "-no-remote" "-profile" "C:\\Users\\91887\\AppData\\Local\\Temp\\rust_mozprofileTYsFGE"
console.warn: services.settings: Ignoring preference override of remote settings server
console.warn: services.settings: Allow by setting MOZ_REMOTE_SETTINGS_DEVTOOLS=1 in the environment
1679733457593	Marionette	INFO	Marionette enabled
Dynamically enable window occlusion 0
1679733457597	Marionette	INFO	Listening on port 53934
Read port: 53934
WebDriver BiDi listening on ws://127.0.0.1:53926
1679733457731	RemoteAgent	WARN	TLS certificate errors will be ignored for this session
console.warn: SearchSettings: "get: No settings file exists, new profile?" (new NotFoundError("Could not open the file at C:\\Users\\91887\\AppData\\Local\\Temp\\rust_mozprofileTYsFGE\\search.json.mozlz4", (void 0)))
DevTools listening on ws://127.0.0.1:53926/devtools/browser/c68ba4aa-e9a3-4fed-9641-f121e92b2511
console.warn: LoginRecipes: "Falling back to a synchronous message for: https://opensource-demo.orangehrmlive.com."
console.warn: LoginRecipes: "Falling back to a synchronous message for: https://opensource-demo.orangehrmlive.com."
1679733668154	Marionette	INFO	Stopped listening on port 53934
Dynamically enable window occlusion 1
ng command: "C:\\Program Files\\Mozilla Firefox\\firefox.exe" "--marionette" "--remote-debugging-port" "54038" "--remote-allow-hosts" "localhost" "-no-remote" "-profile" "C:\\Users\\91887\\AppData\\Local\\Temp\\rust_mozprofilerzLFqO"
console.warn: services.settings: Ignoring preference override of remote settings server
console.warn: services.settings: Allow by setting MOZ_REMOTE_SETTINGS_DEVTOOLS=1 in the environment
1679733533507	Marionette	INFO	Marionette enabled
Dynamically enable window occlusion 0
1679733533512	Marionette	INFO	Listening on port 54046
Read port: 54046
WebDriver BiDi listening on ws://127.0.0.1:54038
1679733533666	RemoteAgent	WARN	TLS certificate errors will be ignored for this session
console.warn: SearchSettings: "get: No settings file exists, new profile?" (new NotFoundError("Could not open the file at C:\\Users\\91887\\AppData\\Local\\Temp\\rust_mozprofilerzLFqO\\search.json.mozlz4", (void 0)))
DevTools listening on ws://127.0.0.1:54038/devtools/browser/ff2ca085-0add-4d25-a8b4-ed3dd0958f0f
1679733740167	Marionette	INFO	Stopped listening on port 54046
Dynamically enable window occlusion 1
1679737013619	geckodriver	INFO	Listening on 127.0.0.1:56323
1679737016699	mozrunner::runner	INFO	Running command: "C:\\Program Files\\Mozilla Firefox\\firefox.exe" "--marionette" "--remote-debugging-port" "56324" "--remote-allow-hosts" "localhost" "-no-remote" "-profile" "C:\\Users\\91887\\AppData\\Local\\Temp\\rust_mozprofileg7uPWS"
console.warn: services.settings: Ignoring preference override of remote settings server
console.warn: services.settings: Allow by setting MOZ_REMOTE_SETTINGS_DEVTOOLS=1 in the environment
1679737017293	Marionette	INFO	Marionette enabled
Dynamically enable window occlusion 0
1679737017301	Marionette	INFO	Listening on port 56333
Read port: 56333
WebDriver BiDi listening on ws://127.0.0.1:56324
1679737017478	RemoteAgent	WARN	TLS certificate errors will be ignored for this session
console.warn: SearchSettings: "get: No settings file exists, new profile?" (new NotFoundError("Could not open the file at C:\\Users\\91887\\AppData\\Local\\Temp\\rust_mozprofileg7uPWS\\search.json.mozlz4", (void 0)))
DevTools listening on ws://127.0.0.1:56324/devtools/browser/e260c676-c094-4168-83bf-0228c30a43ce
console.warn: LoginRecipes: "Falling back to a synchronous message for: https://opensource-demo.orangehrmlive.com."
console.warn: LoginRecipes: "Falling back to a synchronous message for: https://opensource-demo.orangehrmlive.com."
1679737346470	Marionette	INFO	Stopped listening on port 56333
Dynamically enable window occlusion 1
ng command: "C:\\Program Files\\Mozilla Firefox\\firefox.exe" "--marionette" "--remote-debugging-port" "56437" "--remote-allow-hosts" "localhost" "-no-remote" "-profile" "C:\\Users\\91887\\AppData\\Local\\Temp\\rust_mozprofilehiunNI"
console.warn: services.settings: Ignoring preference override of remote settings server
console.warn: services.settings: Allow by setting MOZ_REMOTE_SETTINGS_DEVTOOLS=1 in the environment
1679737103631	Marionette	INFO	Marionette enabled
Dynamically enable window occlusion 0
1679737103637	Marionette	INFO	Listening on port 56445
Read port: 56445
WebDriver BiDi listening on ws://127.0.0.1:56437
1679737103798	RemoteAgent	WARN	TLS certificate errors will be ignored for this session
console.warn: SearchSettings: "get: No settings file exists, new profile?" (new NotFoundError("Could not open the file at C:\\Users\\91887\\AppData\\Local\\Temp\\rust_mozprofilehiunNI\\search.json.mozlz4", (void 0)))
DevTools listening on ws://127.0.0.1:56437/devtools/browser/1a05c951-2670-4085-be9c-2336c25a3667
console.warn: LoginRecipes: "Falling back to a synchronous message for: https://opensource-demo.orangehrmlive.com."
console.warn: LoginRecipes: "Falling back to a synchronous message for: https://opensource-demo.orangehrmlive.com."
1679737347852	Marionette	INFO	Stopped listening on port 56445
Dynamically enable window occlusion 1
1679737353831	geckodriver	INFO	Listening on 127.0.0.1:56711
1679737356877	mozrunner::runner	INFO	Running command: "C:\\Program Files\\Mozilla Firefox\\firefox.exe" "--marionette" "--remote-debugging-port" "56712" "--remote-allow-hosts" "localhost" "-no-remote" "-profile" "C:\\Users\\91887\\AppData\\Local\\Temp\\rust_mozprofileEdxIEX"
console.warn: services.settings: Ignoring preference override of remote settings server
console.warn: services.settings: Allow by setting MOZ_REMOTE_SETTINGS_DEVTOOLS=1 in the environment
1679737357425	Marionette	INFO	Marionette enabled
Dynamically enable window occlusion 0
1679737357430	Marionette	INFO	Listening on port 56720
Read port: 56720
WebDriver BiDi listening on ws://127.0.0.1:56712
1679737357613	RemoteAgent	WARN	TLS certificate errors will be ignored for this session
console.warn: SearchSettings: "get: No settings file exists, new profile?" (new NotFoundError("Could not open the file at C:\\Users\\91887\\AppData\\Local\\Temp\\rust_mozprofileEdxIEX\\search.json.mozlz4", (void 0)))
DevTools listening on ws://127.0.0.1:56712/devtools/browser/1aabf081-fcd5-4b51-9e36-ddfd104170b8
console.warn: LoginRecipes: "Falling back to a synchronous message for: https://opensource-demo.orangehrmlive.com."
console.warn: LoginRecipes: "Falling back to a synchronous message for: https://opensource-demo.orangehrmlive.com."
JavaScript error: , line 0: uncaught exception: Object
JavaScript error: , line 0: uncaught exception: Object
JavaScript error: , line 0: uncaught exception: Object
JavaScript error: , line 0: uncaught exception: Object
JavaScript error: , line 0: uncaught exception: Object
JavaScript error: , line 0: uncaught exception: Object
JavaScript error: , line 0: uncaught exception: Object
JavaScript error: , line 0: uncaught exception: Object
JavaScript error: resource://gre/modules/AsyncShutdown.sys.mjs, line 576: NotFoundError: No such JSWindowActor 'DevToolsFrame'
1679737511057	Marionette	INFO	Stopped listening on port 56720
Dynamically enable window occlusion 1
1679738275970	geckodriver	INFO	Listening on 127.0.0.1:57407
1679738279007	mozrunner::runner	INFO	Running command: "C:\\Program Files\\Mozilla Firefox\\firefox.exe" "--marionette" "--remote-debugging-port" "57408" "--remote-allow-hosts" "localhost" "-no-remote" "-profile" "C:\\Users\\91887\\AppData\\Local\\Temp\\rust_mozprofileNSnz5h"
console.warn: services.settings: Ignoring preference override of remote settings server
console.warn: services.settings: Allow by setting MOZ_REMOTE_SETTINGS_DEVTOOLS=1 in the environment
1679738279441	Marionette	INFO	Marionette enabled
Dynamically enable window occlusion 0
1679738279448	Marionette	INFO	Listening on port 57416
Read port: 57416
WebDriver BiDi listening on ws://127.0.0.1:57408
1679738279637	RemoteAgent	WARN	TLS certificate errors will be ignored for this session
console.warn: SearchSettings: "get: No settings file exists, new profile?" (new NotFoundError("Could not open the file at C:\\Users\\91887\\AppData\\Local\\Temp\\rust_mozprofileNSnz5h\\search.json.mozlz4", (void 0)))
DevTools listening on ws://127.0.0.1:57408/devtools/browser/4033113a-6334-4586-bb22-ee0d14f683a9
console.warn: LoginRecipes: "Falling back to a synchronous message for: https://opensource-demo.orangehrmlive.com."
console.warn: LoginRecipes: "Falling back to a synchronous message for: https://opensource-demo.orangehrmlive.com."
JavaScript error: , line 0: uncaught exception: Object
JavaScript error: , line 0: uncaught exception: Object
JavaScript error: , line 0: uncaught exception: Object
JavaScript error: , line 0: uncaught exception: Object
JavaScript error: , line 0: uncaught exception: Object
JavaScript error: , line 0: uncaught exception: Object
JavaScript error: , line 0: uncaught exception: Object
JavaScript error: , line 0: uncaught exception: Object
JavaScript error: , line 0: uncaught exception: Object
JavaScript error: , line 0: uncaught exception: Object
JavaScript error: , line 0: uncaught exception: Object
JavaScript error: , line 0: uncaught exception: Object
JavaScript error: , line 0: uncaught exception: Object
JavaScript error: , line 0: uncaught exception: Object
JavaScript error: , line 0: uncaught exception: Object
JavaScript error: , line 0: uncaught exception: Object
JavaScript error: , line 0: uncaught exception: Object
JavaScript error: , line 0: uncaught exception: Object
JavaScript error: , line 0: uncaught exception: Object
JavaScript error: , line 0: uncaught exception: Object
JavaScript error: , line 0: uncaught exception: Object
JavaScript error: , line 0: uncaught exception: Object
JavaScript error: , line 0: uncaught exception: Object
JavaScript error: , line 0: uncaught exception: Object
JavaScript error: , line 0: uncaught exception: Object
JavaScript error: , line 0: uncaught exception: Object
JavaScript error: , line 0: uncaught exception: Object
JavaScript error: , line 0: uncaught exception: Object
JavaScript error: , line 0: uncaught exception: Object
JavaScript error: , line 0: uncaught exception: Object
JavaScript error: , line 0: uncaught exception: Object
JavaScript error: , line 0: uncaught exception: Object
JavaScript error: , line 0: uncaught exception: Object
JavaScript error: , line 0: uncaught exception: Object
JavaScript error: , line 0: uncaught exception: Object
JavaScript error: , line 0: uncaught exception: Object
JavaScript error: , line 0: uncaught exception: Object
JavaScript error: , line 0: uncaught exception: Object
JavaScript error: , line 0: uncaught exception: Object
JavaScript error: , line 0: uncaught exception: Object
JavaScript error: , line 0: uncaught exception: Object
JavaScript error: , line 0: uncaught exception: Object
JavaScript error: , line 0: uncaught exception: Object
JavaScript error: , line 0: uncaught exception: Object
JavaScript error: , line 0: uncaught exception: Object
JavaScript error: , line 0: uncaught exception: Object
JavaScript error: , line 0: uncaught exception: Object
console.warn: LoginRecipes: "Falling back to a synchronous message for: https://opensource-demo.orangehrmlive.com."
console.warn: LoginRecipes: "Falling back to a synchronous message for: https://opensource-demo.orangehrmlive.com."
JavaScript error: , line 0: NS_ERROR_NOT_AVAILABLE
1679745222725	Marionette	INFO	Stopped listening on port 57416
Dynamically enable window occlusion 1
1680614565491	geckodriver	INFO	Listening on 127.0.0.1:60143
1680614568507	mozrunner::runner	INFO	Running command: "C:\\Program Files\\Mozilla Firefox\\firefox.exe" "--marionette" "--remote-debugging-port" "60144" "--remote-allow-hosts" "localhost" "-no-remote" "-profile" "C:\\Users\\91887\\AppData\\Local\\Temp\\rust_mozprofiletOt7BN"
console.warn: services.settings: Ignoring preference override of remote settings server
console.warn: services.settings: Allow by setting MOZ_REMOTE_SETTINGS_DEVTOOLS=1 in the environment
1680614569426	Marionette	INFO	Marionette enabled
Dynamically enable window occlusion 0
1680614569433	Marionette	INFO	Listening on port 60153
Read port: 60153
WebDriver BiDi listening on ws://127.0.0.1:60144
1680614570015	RemoteAgent	WARN	TLS certificate errors will be ignored for this session
console.warn: SearchSettings: "get: No settings file exists, new profile?" (new NotFoundError("Could not open the file at C:\\Users\\91887\\AppData\\Local\\Temp\\rust_mozprofiletOt7BN\\search.json.mozlz4", (void 0)))
DevTools listening on ws://127.0.0.1:60144/devtools/browser/f61a87c3-77ff-48c5-9a65-4f46213cc7cb
console.warn: LoginRecipes: "Falling back to a synchronous message for: https://opensource-demo.orangehrmlive.com."
console.warn: LoginRecipes: "Falling back to a synchronous message for: https://opensource-demo.orangehrmlive.com."
JavaScript error: , line 0: uncaught exception: Object
JavaScript error: , line 0: uncaught exception: Object
JavaScript error: , line 0: uncaught exception: Object
JavaScript error: , line 0: uncaught exception: Object
JavaScript error: , line 0: uncaught exception: Object
JavaScript error: , line 0: uncaught exception: Object
JavaScript error: , line 0: uncaught exception: Object
JavaScript error: , line 0: uncaught exception: Object
JavaScript error: , line 0: uncaught exception: Object
JavaScript error: , line 0: uncaught exception: Object
JavaScript error: , line 0: uncaught exception: Object
JavaScript error: , line 0: uncaught exception: Object
JavaScript error: , line 0: uncaught exception: Object
JavaScript error: , line 0: uncaught exception: Object
JavaScript error: , line 0: uncaught exception: Object
JavaScript error: , line 0: uncaught exception: Object
JavaScript error: , line 0: uncaught exception: Object
JavaScript error: , line 0: uncaught exception: Object
1680614597980	Marionette	INFO	Stopped listening on port 60153
Dynamically enable window occlusion 1
WARNING: A blocker encountered an error while we were waiting.
          Blocker:  Waiting for ping task
          Phase: TelemetryController: Waiting for pending ping activity
          State: (none)
WARNING: Error: Phase "profile-before-change" is finished, it is too late to register completion condition "OS.File: flush I/O queued before profileBeforeChange"
WARNING: addBlocker@resource://gre/modules/AsyncShutdown.sys.mjs:727:15
addBlocker@resource://gre/modules/AsyncShutdown.sys.mjs:523:26
addBlocker@resource://gre/modules/AsyncShutdown.sys.mjs:458:15
setupShutdown@resource://gre/modules/osfile/osfile_async_front.jsm:1548:28
@resource://gre/modules/osfile/osfile_async_front.jsm:1568:16
@resource://gre/modules/osfile.jsm:12:30
@resource://gre/modules/TelemetryStorage.sys.mjs:10:28
_checkPendingPings@resource://gre/modules/TelemetrySend.sys.mjs:863:17
setup@resource://gre/modules/TelemetrySend.sys.mjs:803:18
setup@resource://gre/modules/TelemetrySend.sys.mjs:241:30
setupTelemetry/this._delayedInitTask<@resource://gre/modules/TelemetryControllerParent.sys.mjs:828:36
observe@resource://gre/modules/AsyncShutdown.sys.mjs:576:16

console.error: "TelemetryScheduler.shutdown - Already shut down"
WARNING: A blocker encountered an error while we were waiting.
          Blocker:  Waiting for ping task
          Phase: TelemetryController: Waiting for pending ping activity
          State: (none)
WARNING: Error: Phase "profile-before-change" is finished, it is too late to register completion condition "OS.File: flush I/O queued before profileBeforeChange"
WARNING: addBlocker@resource://gre/modules/AsyncShutdown.sys.mjs:727:15
addBlocker@resource://gre/modules/AsyncShutdown.sys.mjs:523:26
addBlocker@resource://gre/modules/AsyncShutdown.sys.mjs:458:15
setupShutdown@resource://gre/modules/osfile/osfile_async_front.jsm:1548:28
@resource://gre/modules/osfile/osfile_async_front.jsm:1568:16
@resource://gre/modules/osfile.jsm:12:30
@resource://gre/modules/TelemetryStorage.sys.mjs:10:28
_checkPendingPings@resource://gre/modules/TelemetrySend.sys.mjs:863:17
setup@resource://gre/modules/TelemetrySend.sys.mjs:803:18
setup@resource://gre/modules/TelemetrySend.sys.mjs:241:30
setupTelemetry/this._delayedInitTask<@resource://gre/modules/TelemetryControllerParent.sys.mjs:828:36
observe@resource://gre/modules/AsyncShutdown.sys.mjs:576:16

WARNING: A blocker encountered an error while we were waiting.
          Blocker:  Waiting for ping task
          Phase: TelemetryController: Waiting for pending ping activity
          State: (none)
WARNING: Error: Phase "profile-before-change" is finished, it is too late to register completion condition "OS.File: flush I/O queued before profileBeforeChange"
WARNING: addBlocker@resource://gre/modules/AsyncShutdown.sys.mjs:727:15
addBlocker@resource://gre/modules/AsyncShutdown.sys.mjs:523:26
addBlocker@resource://gre/modules/AsyncShutdown.sys.mjs:458:15
setupShutdown@resource://gre/modules/osfile/osfile_async_front.jsm:1548:28
@resource://gre/modules/osfile/osfile_async_front.jsm:1568:16
@resource://gre/modules/osfile.jsm:12:30
@resource://gre/modules/TelemetryStorage.sys.mjs:10:28
_checkPendingPings@resource://gre/modules/TelemetrySend.sys.mjs:863:17
setup@resource://gre/modules/TelemetrySend.sys.mjs:803:18
setup@resource://gre/modules/TelemetrySend.sys.mjs:241:30
setupTelemetry/this._delayedInitTask<@resource://gre/modules/TelemetryControllerParent.sys.mjs:828:36
observe@resource://gre/modules/AsyncShutdown.sys.mjs:576:16

WARNING: A blocker encountered an error while we were waiting.
          Blocker:  TelemetryController: shutting down
          Phase: profile-before-change-telemetry
          State: Error getting state: Error: Phase "profile-before-change" is finished, it is too late to register completion condition "OS.File: flush I/O queued before profileBeforeChange" at addBlocker@resource://gre/modules/AsyncShutdown.sys.mjs:727:15
addBlocker@resource://gre/modules/AsyncShutdown.sys.mjs:523:26
addBlocker@resource://gre/modules/AsyncShutdown.sys.mjs:458:15
setupShutdown@resource://gre/modules/osfile/osfile_async_front.jsm:1548:28
@resource://gre/modules/osfile/osfile_async_front.jsm:1568:16
@resource://gre/modules/osfile.jsm:12:30
@resource://gre/modules/TelemetryStorage.sys.mjs:10:28
_checkPendingPings@resource://gre/modules/TelemetrySend.sys.mjs:863:17
setup@resource://gre/modules/TelemetrySend.sys.mjs:803:18
setup@resource://gre/modules/TelemetrySend.sys.mjs:241:30
setupTelemetry/this._delayedInitTask<@resource://gre/modules/TelemetryControllerParent.sys.mjs:828:36
observe@resource://gre/modules/AsyncShutdown.sys.mjs:576:16

WARNING: Error: Phase "profile-before-change" is finished, it is too late to register completion condition "OS.File: flush I/O queued before profileBeforeChange"
WARNING: addBlocker@resource://gre/modules/AsyncShutdown.sys.mjs:727:15
addBlocker@resource://gre/modules/AsyncShutdown.sys.mjs:523:26
addBlocker@resource://gre/modules/AsyncShutdown.sys.mjs:458:15
setupShutdown@resource://gre/modules/osfile/osfile_async_front.jsm:1548:28
@resource://gre/modules/osfile/osfile_async_front.jsm:1568:16
@resource://gre/modules/osfile.jsm:12:30
@resource://gre/modules/TelemetryStorage.sys.mjs:10:28
_checkPendingPings@resource://gre/modules/TelemetrySend.sys.mjs:863:17
setup@resource://gre/modules/TelemetrySend.sys.mjs:803:18
setup@resource://gre/modules/TelemetrySend.sys.mjs:241:30
setupTelemetry/this._delayedInitTask<@resource://gre/modules/TelemetryControllerParent.sys.mjs:828:36
observe@resource://gre/modules/AsyncShutdown.sys.mjs:576:16

JavaScript error: resource://gre/modules/AsyncShutdown.sys.mjs, line 727: Error: Phase "profile-before-change" is finished, it is too late to register completion condition "OS.File: flush I/O queued before profileBeforeChange"
JavaScript error: resource://gre/modules/AsyncShutdown.sys.mjs, line 727: Error: Phase "profile-before-change" is finished, it is too late to register completion condition "OS.File: flush I/O queued before profileBeforeChange"
JavaScript error: resource://gre/modules/AsyncShutdown.sys.mjs, line 727: Error: Phase "profile-before-change" is finished, it is too late to register completion condition "OS.File: flush I/O queued before profileBeforeChange"
JavaScript error: resource://gre/modules/AsyncShutdown.sys.mjs, line 727: Error: Phase "profile-before-change" is finished, it is too late to register completion condition "OS.File: flush I/O queued before profileBeforeChange"
JavaScript error: resource://gre/modules/AsyncShutdown.sys.mjs, line 727: Error: Phase "profile-before-change" is finished, it is too late to register completion condition "OS.File: flush I/O queued before profileBeforeChange"
JavaScript error: resource://gre/modules/AsyncShutdown.sys.mjs, line 727: Error: Phase "profile-before-change" is finished, it is too late to register completion condition "OS.File: flush I/O queued before profileBeforeChange"
